\BOOKMARK [0][-]{Doc-Start}{Title Page}{}% 1
\BOOKMARK [0][-]{chapter*.1}{Declaration}{}% 2
\BOOKMARK [0][-]{chapter*.2}{Abstract}{}% 3
\BOOKMARK [0][-]{chapter*.3}{Acknowledgements}{}% 4
\BOOKMARK [0][-]{chapter*.4}{Table of Contents}{}% 5
\BOOKMARK [0][-]{chapter*.5}{List of Figures}{}% 6
\BOOKMARK [0][-]{chapter*.6}{List of Tables}{}% 7
\BOOKMARK [0][-]{chapter.1}{Introduction}{}% 8
\BOOKMARK [1][-]{section.1.1}{Background}{chapter.1}% 9
\BOOKMARK [1][-]{section.1.2}{Problem}{chapter.1}% 10
\BOOKMARK [1][-]{section.1.3}{Aims And Objectives}{chapter.1}% 11
\BOOKMARK [1][-]{section.1.4}{Report Summary}{chapter.1}% 12
\BOOKMARK [0][-]{chapter.2}{Literature Review}{}% 13
\BOOKMARK [1][-]{section.2.1}{Introduction}{chapter.2}% 14
\BOOKMARK [1][-]{section.2.2}{Web-Based, Smart Application Or Blockchain?}{chapter.2}% 15
\BOOKMARK [1][-]{section.2.3}{Web-Based System}{chapter.2}% 16
\BOOKMARK [2][-]{subsection.2.3.1}{Basic Web}{section.2.3}% 17
\BOOKMARK [2][-]{subsection.2.3.2}{The System}{section.2.3}% 18
\BOOKMARK [1][-]{section.2.4}{Django}{chapter.2}% 19
\BOOKMARK [2][-]{subsection.2.4.1}{Django vs Laravel}{section.2.4}% 20
\BOOKMARK [2][-]{subsection.2.4.2}{Django vs Ruby on Rails}{section.2.4}% 21
\BOOKMARK [2][-]{subsection.2.4.3}{Summary}{section.2.4}% 22
\BOOKMARK [0][-]{chapter.3}{Requirement \046 Analysis}{}% 23
\BOOKMARK [1][-]{section.3.1}{Introduction}{chapter.3}% 24
\BOOKMARK [1][-]{section.3.2}{Process}{chapter.3}% 25
\BOOKMARK [1][-]{section.3.3}{Interface}{chapter.3}% 26
\BOOKMARK [2][-]{subsection.3.3.1}{Student Panel}{section.3.3}% 27
\BOOKMARK [2][-]{subsection.3.3.2}{Scrutiny Committee Panel}{section.3.3}% 28
\BOOKMARK [1][-]{section.3.4}{Testing}{chapter.3}% 29
\BOOKMARK [2][-]{subsection.3.4.1}{SQL Queries}{section.3.4}% 30
\BOOKMARK [2][-]{subsection.3.4.2}{Cross Site Scripting}{section.3.4}% 31
\BOOKMARK [2][-]{subsection.3.4.3}{Automated Testing}{section.3.4}% 32
\BOOKMARK [2][-]{subsection.3.4.4}{User Testing}{section.3.4}% 33
\BOOKMARK [1][-]{section.3.5}{Summary}{chapter.3}% 34
\BOOKMARK [0][-]{chapter.4}{Design}{}% 35
\BOOKMARK [1][-]{section.4.1}{Introduction}{chapter.4}% 36
\BOOKMARK [1][-]{section.4.2}{HTML Template}{chapter.4}% 37
\BOOKMARK [1][-]{section.4.3}{Javascript}{chapter.4}% 38
\BOOKMARK [0][-]{chapter*.13}{Bibliography}{}% 39
