This is pdfTeX, Version 3.14159265-2.6-1.40.19 (TeX Live 2018) (preloaded format=pdflatex 2018.10.1)  29 APR 2019 23:59
entering extended mode
 restricted \write18 enabled.
 %&-line parsing enabled.
**main.tex
(./main.tex
LaTeX2e <2018-04-01> patch level 2
Babel <3.18> and hyphenation patterns for 22 language(s) loaded.
(/usr/local/texlive/2018basic/texmf-dist/tex/latex/base/book.cls
Document Class: book 2014/09/29 v1.4h Standard LaTeX document class
(/usr/local/texlive/2018basic/texmf-dist/tex/latex/base/bk12.clo
File: bk12.clo 2014/09/29 v1.4h Standard LaTeX file (size option)
)
\c@part=\count80
\c@chapter=\count81
\c@section=\count82
\c@subsection=\count83
\c@subsubsection=\count84
\c@paragraph=\count85
\c@subparagraph=\count86
\c@figure=\count87
\c@table=\count88
\abovecaptionskip=\skip41
\belowcaptionskip=\skip42
\bibindent=\dimen102
)
(/usr/local/texlive/2018basic/texmf-dist/tex/latex/base/inputenc.sty
Package: inputenc 2018/04/06 v1.3b Input encoding file
\inpenc@prehook=\toks14
\inpenc@posthook=\toks15
)
(/usr/local/texlive/2018basic/texmf-dist/tex/latex/graphics/graphicx.sty
Package: graphicx 2017/06/01 v1.1a Enhanced LaTeX Graphics (DPC,SPQR)

(/usr/local/texlive/2018basic/texmf-dist/tex/latex/graphics/keyval.sty
Package: keyval 2014/10/28 v1.15 key=value parser (DPC)
\KV@toks@=\toks16
)
(/usr/local/texlive/2018basic/texmf-dist/tex/latex/graphics/graphics.sty
Package: graphics 2017/06/25 v1.2c Standard LaTeX Graphics (DPC,SPQR)

(/usr/local/texlive/2018basic/texmf-dist/tex/latex/graphics/trig.sty
Package: trig 2016/01/03 v1.10 sin cos tan (DPC)
)
(/usr/local/texlive/2018basic/texmf-dist/tex/latex/graphics-cfg/graphics.cfg
File: graphics.cfg 2016/06/04 v1.11 sample graphics configuration
)
Package graphics Info: Driver file: pdftex.def on input line 99.

(/usr/local/texlive/2018basic/texmf-dist/tex/latex/graphics-def/pdftex.def
File: pdftex.def 2018/01/08 v1.0l Graphics/color driver for pdftex
))
\Gin@req@height=\dimen103
\Gin@req@width=\dimen104
)
(/usr/local/texlive/2018basic/texmf-dist/tex/latex/subfiles/subfiles.sty
Package: subfiles 2018/07/31 Federico Garcia, Gernot Salzer

(/usr/local/texlive/2018basic/texmf-dist/tex/latex/tools/verbatim.sty
Package: verbatim 2014/10/28 v1.5q LaTeX2e package for verbatim enhancements
\every@verbatim=\toks17
\verbatim@line=\toks18
\verbatim@in@stream=\read1
))
(/usr/local/texlive/2018basic/texmf-dist/tex/latex/url/url.sty
\Urlmuskip=\muskip10
Package: url 2013/09/16  ver 3.4  Verb mode for urls, etc.
)
(/usr/local/texlive/2018basic/texmf-dist/tex/latex/fancyhdr/fancyhdr.sty
Package: fancyhdr 2017/06/30 v3.9a Extensive control of page headers and footer
s
\f@nch@headwidth=\skip43
\f@nch@O@elh=\skip44
\f@nch@O@erh=\skip45
\f@nch@O@olh=\skip46
\f@nch@O@orh=\skip47
\f@nch@O@elf=\skip48
\f@nch@O@erf=\skip49
\f@nch@O@olf=\skip50
\f@nch@O@orf=\skip51
)
(/usr/local/texlive/2018basic/texmf-dist/tex/latex/setspace/setspace.sty
Package: setspace 2011/12/19 v6.7a set line spacing
)
(/usr/local/texlive/2018basic/texmf-dist/tex/latex/titlesec/titlesec.sty
Package: titlesec 2016/03/21 v2.10.2 Sectioning titles
\ttl@box=\box26
\beforetitleunit=\skip52
\aftertitleunit=\skip53
\ttl@plus=\dimen105
\ttl@minus=\dimen106
\ttl@toksa=\toks19
\titlewidth=\dimen107
\titlewidthlast=\dimen108
\titlewidthfirst=\dimen109
)
(/usr/local/texlive/2018basic/texmf-dist/tex/latex/emptypage/emptypage.sty
Package: emptypage 2010/05/30 v1.2 Suppress page numbers and headings on empty 
pages
)
(/usr/local/texlive/2018basic/texmf-dist/tex/latex/tools/tabularx.sty
Package: tabularx 2016/02/03 v2.11b `tabularx' package (DPC)

(/usr/local/texlive/2018basic/texmf-dist/tex/latex/tools/array.sty
Package: array 2018/04/07 v2.4g Tabular extension package (FMi)
\col@sep=\dimen110
\ar@mcellbox=\box27
\extrarowheight=\dimen111
\NC@list=\toks20
\extratabsurround=\skip54
\backup@length=\skip55
\ar@cellbox=\box28
)
\TX@col@width=\dimen112
\TX@old@table=\dimen113
\TX@old@col=\dimen114
\TX@target=\dimen115
\TX@delta=\dimen116
\TX@cols=\count89
\TX@ftn=\toks21
)
(/usr/local/texlive/2018basic/texmf-dist/tex/latex/ms/ragged2e.sty
Package: ragged2e 2009/05/21 v2.1 ragged2e Package (MS)

(/usr/local/texlive/2018basic/texmf-dist/tex/latex/ms/everysel.sty
Package: everysel 2011/10/28 v1.2 EverySelectfont Package (MS)
)
\CenteringLeftskip=\skip56
\RaggedLeftLeftskip=\skip57
\RaggedRightLeftskip=\skip58
\CenteringRightskip=\skip59
\RaggedLeftRightskip=\skip60
\RaggedRightRightskip=\skip61
\CenteringParfillskip=\skip62
\RaggedLeftParfillskip=\skip63
\RaggedRightParfillskip=\skip64
\JustifyingParfillskip=\skip65
\CenteringParindent=\skip66
\RaggedLeftParindent=\skip67
\RaggedRightParindent=\skip68
\JustifyingParindent=\skip69
)
(/usr/local/texlive/2018basic/texmf-dist/tex/latex/booktabs/booktabs.sty
Package: booktabs 2016/04/27 v1.618033 publication quality tables
\heavyrulewidth=\dimen117
\lightrulewidth=\dimen118
\cmidrulewidth=\dimen119
\belowrulesep=\dimen120
\belowbottomsep=\dimen121
\aboverulesep=\dimen122
\abovetopsep=\dimen123
\cmidrulesep=\dimen124
\cmidrulekern=\dimen125
\defaultaddspace=\dimen126
\@cmidla=\count90
\@cmidlb=\count91
\@aboverulesep=\dimen127
\@belowrulesep=\dimen128
\@thisruleclass=\count92
\@lastruleclass=\count93
\@thisrulewidth=\dimen129
)
(/usr/local/texlive/2018basic/texmf-dist/tex/latex/caption/caption.sty
Package: caption 2016/02/21 v3.3-144 Customizing captions (AR)

(/usr/local/texlive/2018basic/texmf-dist/tex/latex/caption/caption3.sty
Package: caption3 2016/05/22 v1.7-166 caption3 kernel (AR)
Package caption3 Info: TeX engine: e-TeX on input line 67.
\captionmargin=\dimen130
\captionmargin@=\dimen131
\captionwidth=\dimen132
\caption@tempdima=\dimen133
\caption@indent=\dimen134
\caption@parindent=\dimen135
\caption@hangindent=\dimen136
)
\c@ContinuedFloat=\count94
)
(/usr/local/texlive/2018basic/texmf-dist/tex/latex/csquotes/csquotes.sty
Package: csquotes 2018/04/13 v5.2d context-sensitive quotations (JAW)

(/usr/local/texlive/2018basic/texmf-dist/tex/latex/etoolbox/etoolbox.sty
Package: etoolbox 2018/02/11 v2.5e e-TeX tools for LaTeX (JAW)
\etb@tempcnta=\count95
)
\csq@reset=\count96
\csq@gtype=\count97
\csq@glevel=\count98
\csq@qlevel=\count99
\csq@maxlvl=\count100
\csq@tshold=\count101
\csq@ltx@everypar=\toks22

(/usr/local/texlive/2018basic/texmf-dist/tex/latex/csquotes/csquotes.def
File: csquotes.def 2018/04/13 v5.2d csquotes generic definitions (JAW)
)
Package csquotes Info: Trying to load configuration file 'csquotes.cfg'...
Package csquotes Info: ... configuration file loaded successfully.

(/usr/local/texlive/2018basic/texmf-dist/tex/latex/csquotes/csquotes.cfg
File: csquotes.cfg 
))
(/usr/local/texlive/2018basic/texmf-dist/tex/latex/geometry/geometry.sty
Package: geometry 2018/03/24 v5.7 Page Geometry

(/usr/local/texlive/2018basic/texmf-dist/tex/generic/oberdiek/ifpdf.sty
Package: ifpdf 2017/03/15 v3.2 Provides the ifpdf switch
)
(/usr/local/texlive/2018basic/texmf-dist/tex/generic/oberdiek/ifvtex.sty
Package: ifvtex 2016/05/16 v1.6 Detect VTeX and its facilities (HO)
Package ifvtex Info: VTeX not detected.
)
(/usr/local/texlive/2018basic/texmf-dist/tex/generic/ifxetex/ifxetex.sty
Package: ifxetex 2010/09/12 v0.6 Provides ifxetex conditional
)
\Gm@cnth=\count102
\Gm@cntv=\count103
\c@Gm@tempcnt=\count104
\Gm@bindingoffset=\dimen137
\Gm@wd@mp=\dimen138
\Gm@odd@mp=\dimen139
\Gm@even@mp=\dimen140
\Gm@layoutwidth=\dimen141
\Gm@layoutheight=\dimen142
\Gm@layouthoffset=\dimen143
\Gm@layoutvoffset=\dimen144
\Gm@dimlist=\toks23
)
(/usr/local/texlive/2018basic/texmf-dist/tex/latex/hyperref/hyperref.sty
Package: hyperref 2018/02/06 v6.86b Hypertext links for LaTeX

(/usr/local/texlive/2018basic/texmf-dist/tex/generic/oberdiek/hobsub-hyperref.s
ty
Package: hobsub-hyperref 2016/05/16 v1.14 Bundle oberdiek, subset hyperref (HO)


(/usr/local/texlive/2018basic/texmf-dist/tex/generic/oberdiek/hobsub-generic.st
y
Package: hobsub-generic 2016/05/16 v1.14 Bundle oberdiek, subset generic (HO)
Package: hobsub 2016/05/16 v1.14 Construct package bundles (HO)
Package: infwarerr 2016/05/16 v1.4 Providing info/warning/error messages (HO)
Package: ltxcmds 2016/05/16 v1.23 LaTeX kernel commands for general use (HO)
Package: ifluatex 2016/05/16 v1.4 Provides the ifluatex switch (HO)
Package ifluatex Info: LuaTeX not detected.
Package hobsub Info: Skipping package `ifvtex' (already loaded).
Package: intcalc 2016/05/16 v1.2 Expandable calculations with integers (HO)
Package hobsub Info: Skipping package `ifpdf' (already loaded).
Package: etexcmds 2016/05/16 v1.6 Avoid name clashes with e-TeX commands (HO)
Package etexcmds Info: Could not find \expanded.
(etexcmds)             That can mean that you are not using pdfTeX 1.50 or
(etexcmds)             that some package has redefined \expanded.
(etexcmds)             In the latter case, load this package earlier.
Package: kvsetkeys 2016/05/16 v1.17 Key value parser (HO)
Package: kvdefinekeys 2016/05/16 v1.4 Define keys (HO)
Package: pdftexcmds 2018/01/30 v0.27 Utility functions of pdfTeX for LuaTeX (HO
)
Package pdftexcmds Info: LuaTeX not detected.
Package pdftexcmds Info: \pdf@primitive is available.
Package pdftexcmds Info: \pdf@ifprimitive is available.
Package pdftexcmds Info: \pdfdraftmode found.
Package: pdfescape 2016/05/16 v1.14 Implements pdfTeX's escape features (HO)
Package: bigintcalc 2016/05/16 v1.4 Expandable calculations on big integers (HO
)
Package: bitset 2016/05/16 v1.2 Handle bit-vector datatype (HO)
Package: uniquecounter 2016/05/16 v1.3 Provide unlimited unique counter (HO)
)
Package hobsub Info: Skipping package `hobsub' (already loaded).
Package: letltxmacro 2016/05/16 v1.5 Let assignment for LaTeX macros (HO)
Package: hopatch 2016/05/16 v1.3 Wrapper for package hooks (HO)
Package: xcolor-patch 2016/05/16 xcolor patch
Package: atveryend 2016/05/16 v1.9 Hooks at the very end of document (HO)
Package: atbegshi 2016/06/09 v1.18 At begin shipout hook (HO)
Package: refcount 2016/05/16 v3.5 Data extraction from label references (HO)
Package: hycolor 2016/05/16 v1.8 Color options for hyperref/bookmark (HO)
) (/usr/local/texlive/2018basic/texmf-dist/tex/latex/oberdiek/auxhook.sty
Package: auxhook 2016/05/16 v1.4 Hooks for auxiliary files (HO)
)
(/usr/local/texlive/2018basic/texmf-dist/tex/latex/oberdiek/kvoptions.sty
Package: kvoptions 2016/05/16 v3.12 Key value format for package options (HO)
)
\@linkdim=\dimen145
\Hy@linkcounter=\count105
\Hy@pagecounter=\count106

(/usr/local/texlive/2018basic/texmf-dist/tex/latex/hyperref/pd1enc.def
File: pd1enc.def 2018/02/06 v6.86b Hyperref: PDFDocEncoding definition (HO)
Now handling font encoding PD1 ...
... no UTF-8 mapping file for font encoding PD1
)
\Hy@SavedSpaceFactor=\count107

(/usr/local/texlive/2018basic/texmf-dist/tex/latex/latexconfig/hyperref.cfg
File: hyperref.cfg 2002/06/06 v1.2 hyperref configuration of TeXLive
)
Package hyperref Info: Hyper figures OFF on input line 4509.
Package hyperref Info: Link nesting OFF on input line 4514.
Package hyperref Info: Hyper index ON on input line 4517.
Package hyperref Info: Plain pages OFF on input line 4524.
Package hyperref Info: Backreferencing OFF on input line 4529.
Package hyperref Info: Implicit mode ON; LaTeX internals redefined.
Package hyperref Info: Bookmarks ON on input line 4762.
\c@Hy@tempcnt=\count108
LaTeX Info: Redefining \url on input line 5115.
\XeTeXLinkMargin=\dimen146
\Fld@menulength=\count109
\Field@Width=\dimen147
\Fld@charsize=\dimen148
Package hyperref Info: Hyper figures OFF on input line 6369.
Package hyperref Info: Link nesting OFF on input line 6374.
Package hyperref Info: Hyper index ON on input line 6377.
Package hyperref Info: backreferencing OFF on input line 6384.
Package hyperref Info: Link coloring OFF on input line 6389.
Package hyperref Info: Link coloring with OCG OFF on input line 6394.
Package hyperref Info: PDF/A mode OFF on input line 6399.
LaTeX Info: Redefining \ref on input line 6439.
LaTeX Info: Redefining \pageref on input line 6443.
\Hy@abspage=\count110
\c@Item=\count111
\c@Hfootnote=\count112
)
Package hyperref Info: Driver (autodetected): hpdftex.

(/usr/local/texlive/2018basic/texmf-dist/tex/latex/hyperref/hpdftex.def
File: hpdftex.def 2018/02/06 v6.86b Hyperref driver for pdfTeX
\Fld@listcount=\count113
\c@bookmark@seq@number=\count114

(/usr/local/texlive/2018basic/texmf-dist/tex/latex/oberdiek/rerunfilecheck.sty
Package: rerunfilecheck 2016/05/16 v1.8 Rerun checks for auxiliary files (HO)
Package uniquecounter Info: New unique counter `rerunfilecheck' on input line 2
82.
)
\Hy@SectionHShift=\skip70
) (/usr/local/texlive/2018basic/texmf-dist/tex/latex/float/float.sty
Package: float 2001/11/08 v1.3d Float enhancements (AL)
\c@float@type=\count115
\float@exts=\toks24
\float@box=\box29
\@float@everytoks=\toks25
\@floatcapt=\box30
)
Package hyperref Info: Option `colorlinks' set `true' on input line 15.
\@float@every@table=\toks26
Package csquotes Info: Checking for multilingual support...
Package csquotes Info: ... none found.

(./main.aux)
\openout1 = `main.aux'.

LaTeX Font Info:    Checking defaults for OML/cmm/m/it on input line 20.
LaTeX Font Info:    ... okay on input line 20.
LaTeX Font Info:    Checking defaults for T1/cmr/m/n on input line 20.
LaTeX Font Info:    ... okay on input line 20.
LaTeX Font Info:    Checking defaults for OT1/cmr/m/n on input line 20.
LaTeX Font Info:    ... okay on input line 20.
LaTeX Font Info:    Checking defaults for OMS/cmsy/m/n on input line 20.
LaTeX Font Info:    ... okay on input line 20.
LaTeX Font Info:    Checking defaults for OMX/cmex/m/n on input line 20.
LaTeX Font Info:    ... okay on input line 20.
LaTeX Font Info:    Checking defaults for U/cmr/m/n on input line 20.
LaTeX Font Info:    ... okay on input line 20.
LaTeX Font Info:    Checking defaults for PD1/pdf/m/n on input line 20.
LaTeX Font Info:    ... okay on input line 20.

(/usr/local/texlive/2018basic/texmf-dist/tex/context/base/mkii/supp-pdf.mkii
[Loading MPS to PDF converter (version 2006.09.02).]
\scratchcounter=\count116
\scratchdimen=\dimen149
\scratchbox=\box31
\nofMPsegments=\count117
\nofMParguments=\count118
\everyMPshowfont=\toks27
\MPscratchCnt=\count119
\MPscratchDim=\dimen150
\MPnumerator=\count120
\makeMPintoPDFobject=\count121
\everyMPtoPDFconversion=\toks28
) (/usr/local/texlive/2018basic/texmf-dist/tex/latex/oberdiek/epstopdf-base.sty
Package: epstopdf-base 2016/05/15 v2.6 Base part for package epstopdf
(/usr/local/texlive/2018basic/texmf-dist/tex/latex/oberdiek/grfext.sty
Package: grfext 2016/05/16 v1.2 Manage graphics extensions (HO)
)
Package epstopdf-base Info: Redefining graphics rule for `.eps' on input line 4
38.
Package grfext Info: Graphics extension search list:
(grfext)             [.pdf,.png,.jpg,.mps,.jpeg,.jbig2,.jb2,.PDF,.PNG,.JPG,.JPE
G,.JBIG2,.JB2,.eps]
(grfext)             \AppendGraphicsExtensions on input line 456.

(/usr/local/texlive/2018basic/texmf-dist/tex/latex/latexconfig/epstopdf-sys.cfg
File: epstopdf-sys.cfg 2010/07/13 v1.3 Configuration of (r)epstopdf for TeX Liv
e
)) ABD: EverySelectfont initializing macros
LaTeX Info: Redefining \selectfont on input line 20.
Package caption Info: Begin \AtBeginDocument code.
Package caption Info: float package is loaded.
Package caption Info: hyperref package is loaded.
Package caption Info: End \AtBeginDocument code.

*geometry* driver: auto-detecting
*geometry* detected driver: pdftex
*geometry* verbose mode - [ preamble ] result:
* driver: pdftex
* paper: a4paper
* layout: <same size as paper>
* layoutoffset:(h,v)=(0.0pt,0.0pt)
* modes: 
* h-part:(L,W,R)=(86.72377pt, 424.06033pt, 86.72377pt)
* v-part:(T,H,B)=(86.72377pt, 671.5993pt, 86.72377pt)
* \paperwidth=597.50787pt
* \paperheight=845.04684pt
* \textwidth=424.06033pt
* \textheight=671.5993pt
* \oddsidemargin=14.45378pt
* \evensidemargin=14.45378pt
* \topmargin=-17.42001pt
* \headheight=12.0pt
* \headsep=19.8738pt
* \topskip=12.0pt
* \footskip=30.0pt
* \marginparwidth=38.0pt
* \marginparsep=7.0pt
* \columnsep=10.0pt
* \skip\footins=10.8pt plus 4.0pt minus 2.0pt
* \hoffset=0.0pt
* \voffset=0.0pt
* \mag=1000
* \@twocolumnfalse
* \@twosidefalse
* \@mparswitchfalse
* \@reversemarginfalse
* (1in=72.27pt=25.4mm, 1cm=28.453pt)

\AtBeginShipoutBox=\box32
(/usr/local/texlive/2018basic/texmf-dist/tex/latex/graphics/color.sty
Package: color 2016/07/10 v1.1e Standard LaTeX Color (DPC)

(/usr/local/texlive/2018basic/texmf-dist/tex/latex/graphics-cfg/color.cfg
File: color.cfg 2016/01/02 v1.6 sample color configuration
)
Package color Info: Driver file: pdftex.def on input line 147.
)
Package hyperref Info: Link coloring ON on input line 20.

(/usr/local/texlive/2018basic/texmf-dist/tex/latex/hyperref/nameref.sty
Package: nameref 2016/05/21 v2.44 Cross-referencing by name of section

(/usr/local/texlive/2018basic/texmf-dist/tex/generic/oberdiek/gettitlestring.st
y
Package: gettitlestring 2016/05/16 v1.5 Cleanup title references (HO)
)
\c@section@level=\count122
)
LaTeX Info: Redefining \ref on input line 20.
LaTeX Info: Redefining \pageref on input line 20.
LaTeX Info: Redefining \nameref on input line 20.
 (./main.out) (./main.out)
\@outlinefile=\write3
\openout3 = `main.out'.

 (./title/title.tex
<images/TuosLogo.png, id=233, 74.9199pt x 72.0291pt>
File: images/TuosLogo.png Graphic file (type png)
<use images/TuosLogo.png>
Package pdftex.def Info: images/TuosLogo.png  used on input line 16.
(pdftex.def)             Requested size: 149.83942pt x 144.0578pt.
) [1


{/usr/local/texlive/2018basic/texmf-var/fonts/map/pdftex/updmap/pdftex.map} <./
images/TuosLogo.png>]
(./declaration/declaration.tex) [2

] (./abstract/abstract.tex) [3

]
(./abstract/acknowledgements.tex) [4

] (./main.toc
LaTeX Font Info:    External font `cmex10' loaded for size
(Font)              <12> on input line 9.
LaTeX Font Info:    External font `cmex10' loaded for size
(Font)              <8> on input line 9.
LaTeX Font Info:    External font `cmex10' loaded for size
(Font)              <6> on input line 9.
 [5

])
\tf@toc=\write4
\openout4 = `main.toc'.

 [6] (./main.lof)
\tf@lof=\write5
\openout5 = `main.lof'.


[7

] (./main.lot)
\tf@lot=\write6
\openout6 = `main.lot'.

 [8

]
(/usr/local/texlive/2018basic/texmf-dist/tex/latex/titlesec/block.tss
File: block.tss 2016/03/15
)
Chapter 1.
(./chapter1/background.tex) (./chapter1/problem.tex) (./chapter1/technique.tex)

Package Fancyhdr Warning: \headheight is too small (12.0pt): 
 Make it at least 14.49998pt.
 We now make it that large for the rest of the document.
 This may cause the page layout to be inconsistent, however.

[1


] (./chapter1/summary.tex) [2]
Chapter 2.
(./chapter2/introduction.tex)
Overfull \hbox (12.71942pt too wide) in paragraph at lines 83--83
|[]\OT1/cmr/bx/n/17.28 Web-Based, Smart Ap-pli-ca-tion Or Blockchain?| 
 []

(./chapter2/webvsapp.tex) [3

] (./chapter2/websystem.tex
<images/webserverdesign.png, id=429, 1003.75pt x 501.875pt>
File: images/webserverdesign.png Graphic file (type png)
<use images/webserverdesign.png>
Package pdftex.def Info: images/webserverdesign.png  used on input line 11.
(pdftex.def)             Requested size: 250.93689pt x 125.46843pt.
<images/mostLanguagesUsed.png, id=434, 437.13312pt x 257.46187pt>
File: images/mostLanguagesUsed.png Graphic file (type png)
<use images/mostLanguagesUsed.png>
Package pdftex.def Info: images/mostLanguagesUsed.png  used on input line 24.
(pdftex.def)             Requested size: 262.28189pt x 154.4783pt.
 [4 <./images/webserverdesign.png>]
<images/languageAttacks.png, id=445, 327.2225pt x 390.45876pt>
File: images/languageAttacks.png Graphic file (type png)
<use images/languageAttacks.png>
Package pdftex.def Info: images/languageAttacks.png  used on input line 33.
(pdftex.def)             Requested size: 245.41626pt x 292.84334pt.
) (./chapter2/django.tex [5 <./images/mostLanguagesUsed.png> <./images/language
Attacks.png>]
<images/djangovslaravelspeeds.png, id=460, 397.485pt x 275.52937pt>
File: images/djangovslaravelspeeds.png Graphic file (type png)
<use images/djangovslaravelspeeds.png>
Package pdftex.def Info: images/djangovslaravelspeeds.png  used on input line 1
4.
(pdftex.def)             Requested size: 278.2376pt x 192.86923pt.
 [6 <./images/djangovslaravelspeeds.png>]) [7]
Chapter 3.
(./chapter3/introduction.tex) (./chapter3/process.tex
<images/portal1.png, id=484, 1003.75pt x 702.625pt>
File: images/portal1.png Graphic file (type png)
<use images/portal1.png>
Package pdftex.def Info: images/portal1.png  used on input line 13.
(pdftex.def)             Requested size: 301.12732pt x 210.78912pt.
 [8

])
(./chapter3/interface.tex [9 <./images/portal1.png>]
<images/moqup.png, id=496, 325.215pt x 243.91125pt>
File: images/moqup.png Graphic file (type png)
<use images/moqup.png>
Package pdftex.def Info: images/moqup.png  used on input line 19.
(pdftex.def)             Requested size: 390.25604pt x 292.69202pt.
) (./chapter3/testing.tex
[10 <./images/moqup.png>]) (./chapter3/summary.tex) [11]
Chapter 4.
(./chapter4/introduction.tex) (./chapter4/html.tex
Overfull \hbox (26.57278pt too wide) in paragraph at lines 10--18
[][] 
 []

) (./chapter4/javascript.tex) [12

] (./chapter4/database.tex
<images/db.png, id=532, 290.08376pt x 363.3575pt>
File: images/db.png Graphic file (type png)
<use images/db.png>
Package pdftex.def Info: images/db.png  used on input line 11.
(pdftex.def)             Requested size: 348.09875pt x 436.0268pt.
 [13])
(./chapter4/django.tex [14 <./images/db.png>]) (./chapter4/summary.tex)
Overfull \hbox (7.53937pt too wide) in paragraph at lines 6--116
\OT1/cmr/m/n/12 The de-sign as stated above con-sists of three key el-e-ments w
hich are HTML, JavaScript
 []

[15]
Chapter 5.
(./chapter5/introduction.tex) (./chapter5/production.tex
<images/dash.png, id=562, 833.61438pt x 379.91937pt>
File: images/dash.png Graphic file (type png)
<use images/dash.png>
Package pdftex.def Info: images/dash.png  used on input line 14.
(pdftex.def)             Requested size: 416.80617pt x 189.95921pt.
<images/ctdash.png, id=563, 838.63312pt x 447.17062pt>
File: images/ctdash.png Graphic file (type png)
<use images/ctdash.png>
Package pdftex.def Info: images/ctdash.png  used on input line 20.
(pdftex.def)             Requested size: 419.31552pt x 223.58476pt.
 [16

 <./images/dash.png>]
Underfull \hbox (badness 1796) in paragraph at lines 34--34
[]|\OT1/cmr/m/n/12 POST Form(Email;Disabled, First-name, Last-
 []


Underfull \hbox (badness 2119) in paragraph at lines 36--36
[]|\OT1/cmr/m/n/12 Text Fields(User De-tails, Cir-cum-stance), Ta-
 []


Underfull \hbox (badness 10000) in paragraph at lines 36--36
\OT1/cmr/m/n/12 ble(Module De-tails), Ta-ble(Uploaded Files),
 []

[17 <./images/ctdash.png>] [18]
<images/login.png, id=592, 379.4175pt x 186.19562pt>
File: images/login.png Graphic file (type png)
<use images/login.png>
Package pdftex.def Info: images/login.png  used on input line 71.
(pdftex.def)             Requested size: 379.41656pt x 186.19516pt.
<images/register.png, id=593, 384.93813pt x 282.05376pt>
File: images/register.png Graphic file (type png)
<use images/register.png>
Package pdftex.def Info: images/register.png  used on input line 79.
(pdftex.def)             Requested size: 384.93718pt x 282.05305pt.
 [19 <./images/login.png>]
<images/units.png, id=604, 699.61375pt x 180.17313pt>
File: images/units.png Graphic file (type png)
<use images/units.png>
Package pdftex.def Info: images/units.png  used on input line 90.
(pdftex.def)             Requested size: 489.72629pt x 126.12032pt.

Overfull \hbox (65.66595pt too wide) in paragraph at lines 89--91
[][] 
 []

[20 <./images/register.png>]
<images/newform.png, id=611, 681.04437pt x 437.635pt>
File: images/newform.png Graphic file (type png)
<use images/newform.png>
Package pdftex.def Info: images/newform.png  used on input line 96.
(pdftex.def)             Requested size: 476.72781pt x 306.3424pt.

Overfull \hbox (52.66748pt too wide) in paragraph at lines 95--97
[][] 
 []

[21 <./images/units.png> <./images/newform.png>]
<images/dashboardimplement.png, id=621, 695.59875pt x 369.38pt>
File: images/dashboardimplement.png Graphic file (type png)
<use images/dashboardimplement.png>
Package pdftex.def Info: images/dashboardimplement.png  used on input line 107.

(pdftex.def)             Requested size: 486.91582pt x 258.56422pt.

Overfull \hbox (62.85548pt too wide) in paragraph at lines 106--108
[][] 
 []

<images/secretarydashimplement.png, id=622, 702.625pt x 402.00188pt>
File: images/secretarydashimplement.png Graphic file (type png)
<use images/secretarydashimplement.png>
Package pdftex.def Info: images/secretarydashimplement.png  used on input line 
113.
(pdftex.def)             Requested size: 491.83414pt x 281.39938pt.

Overfull \hbox (67.7738pt too wide) in paragraph at lines 112--114
[][] 
 []

[22 <./images/dashboardimplement.png>] [23 <./images/secretarydashimplement.png
>]
<images/secviewform.png, id=637, 685.56125pt x 448.17438pt>
File: images/secviewform.png Graphic file (type png)
<use images/secviewform.png>
Package pdftex.def Info: images/secviewform.png  used on input line 127.
(pdftex.def)             Requested size: 479.8896pt x 313.71992pt.

Overfull \hbox (55.82927pt too wide) in paragraph at lines 126--128
[][] 
 []

<images/modal.png, id=638, 451.18562pt x 226.8475pt>
File: images/modal.png Graphic file (type png)
<use images/modal.png>
Package pdftex.def Info: images/modal.png  used on input line 134.
(pdftex.def)             Requested size: 315.82777pt x 158.79216pt.
[24 <./images/secviewform.png>]
<images/profile.png, id=645, 592.2125pt x 379.91937pt>
File: images/profile.png Graphic file (type png)
<use images/profile.png>
Package pdftex.def Info: images/profile.png  used on input line 144.
(pdftex.def)             Requested size: 414.54591pt x 265.94173pt.
 [25 <./images/modal.png> <./images/profile.png>]
<images/studrecord.png, id=654, 576.1525pt x 264.99pt>
File: images/studrecord.png Graphic file (type png)
<use images/studrecord.png>
Package pdftex.def Info: images/studrecord.png  used on input line 155.
(pdftex.def)             Requested size: 403.30399pt x 185.49173pt.
) [26 <./images/studrecord.png>] (./chapter5/difficulty.tex [27])
(./chapter5/testing.tex [28]) (./chapter5/summary.tex) [29]
Chapter 6.
(./chapter6/introduction.tex) (./chapter6/Results.tex
<images/ecfstudenttable.png, id=684, 694.595pt x 195.22937pt>
File: images/ecfstudenttable.png Graphic file (type png)
<use images/ecfstudenttable.png>
Package pdftex.def Info: images/ecfstudenttable.png  used on input line 13.
(pdftex.def)             Requested size: 486.21318pt x 136.6596pt.

Overfull \hbox (62.15285pt too wide) in paragraph at lines 12--14
 [] 
 []

[30

]
<images/ecfsectable.png, id=689, 693.08937pt x 205.26688pt>
File: images/ecfsectable.png Graphic file (type png)
<use images/ecfsectable.png>
Package pdftex.def Info: images/ecfsectable.png  used on input line 19.
(pdftex.def)             Requested size: 485.15926pt x 143.68582pt.

Overfull \hbox (61.09892pt too wide) in paragraph at lines 18--20
 [] 
 []

<images/dashboardmorefiles.png, id=692, 699.61375pt x 421.575pt>
File: images/dashboardmorefiles.png Graphic file (type png)
<use images/dashboardmorefiles.png>
Package pdftex.def Info: images/dashboardmorefiles.png  used on input line 28.
(pdftex.def)             Requested size: 489.72629pt x 295.10048pt.

Overfull \hbox (65.66595pt too wide) in paragraph at lines 27--29
 [] 
 []

[31 <./images/ecfstudenttable.png> <./images/ecfsectable.png>]
<images/viewformmorefiles.png, id=699, 695.09688pt x 278.03876pt>
File: images/viewformmorefiles.png Graphic file (type png)
<use images/viewformmorefiles.png>
Package pdftex.def Info: images/viewformmorefiles.png  used on input line 34.
(pdftex.def)             Requested size: 486.5645pt x 194.6258pt.

Overfull \hbox (62.50417pt too wide) in paragraph at lines 33--35
 [] 
 []

[32 <./images/dashboardmorefiles.png> <./images/viewformmorefiles.png>]
<images/print.png, id=709, 691.58376pt x 211.28937pt>
File: images/print.png Graphic file (type png)
<use images/print.png>
Package pdftex.def Info: images/print.png  used on input line 43.
(pdftex.def)             Requested size: 484.10533pt x 147.90154pt.

Overfull \hbox (60.045pt too wide) in paragraph at lines 42--44
 [] 
 []

<images/studlink.png, id=712, 372.39125pt x 148.555pt>
File: images/studlink.png Graphic file (type png)
<use images/studlink.png>
Package pdftex.def Info: images/studlink.png  used on input line 51.
(pdftex.def)             Requested size: 372.39034pt x 148.55463pt.
[33 <./images/print.png> <./images/studlink.png>] [34]
<images/mobiledevice.jpg, id=733, 1113.15875pt x 2216.28pt>
File: images/mobiledevice.jpg Graphic file (type jpg)
<use images/mobiledevice.jpg>
Package pdftex.def Info: images/mobiledevice.jpg  used on input line 71.
(pdftex.def)             Requested size: 166.9666pt x 332.42766pt.
 [35 <./images/mobiledevice.jpg>]
<images/emailuploadfiles.png, id=744, 309.65688pt x 115.93312pt>
File: images/emailuploadfiles.png Graphic file (type png)
<use images/emailuploadfiles.png>
Package pdftex.def Info: images/emailuploadfiles.png  used on input line 80.
(pdftex.def)             Requested size: 371.58638pt x 139.11903pt.
<images/newformsub.png, id=745, 171.13937pt x 69.76062pt>
File: images/newformsub.png Graphic file (type png)
<use images/newformsub.png>
Package pdftex.def Info: images/newformsub.png  used on input line 86.
(pdftex.def)             Requested size: 205.36618pt x 83.71231pt.
) (./chapter6/discussion.tex [36 <./images/emailuploadfiles.png> <./images/newf
ormsub.png>]) (./chapter6/futurework.tex [37]) [38]
(./chapter6/summary.tex)
Overfull \hbox (0.5672pt too wide) in paragraph at lines 6--142
\OT1/cmr/m/n/12 This sec-tion has mainly con-nected re-quire-ments and im-ple-m
en-ta-tion for this project.
 []

[39]
Chapter 7.
(./chapter7/conclusion.tex) (./main.bbl [40

]
Underfull \hbox (badness 10000) in paragraph at lines 4--8
[]\OT1/cmr/m/n/12 W. Se-cu-rity, ``2014 web-site se-cu-rity statis-tics re-port
.''
 []


Underfull \hbox (badness 10000) in paragraph at lines 4--8
[][]$\OT1/cmtt/m/n/12 http : / / info . whitehatsec . com / rs / whitehatsecuri
ty / images /
 []


Underfull \hbox (badness 10000) in paragraph at lines 10--15
[]\OT1/cmr/m/n/12 Cabotsolutions, ``Django vs lar-avel: A com-par-i-son of web
 []


Underfull \hbox (badness 10000) in paragraph at lines 10--15
\OT1/cmr/m/n/12 ap-pli-ca-tion frame-works.'' [][]$\OT1/cmtt/m/n/12 https : / /
 www . cabotsolutions . com /
 []


Underfull \hbox (badness 10000) in paragraph at lines 10--15
\OT1/cmtt/m/n/12 django-[]vs-[]laravel-[]a-[]comparison-[]of-[]web-[]applicatio
n-[]frameworks$[][]\OT1/cmr/m/n/12 ,
 []


Underfull \hbox (badness 10000) in paragraph at lines 29--32
[]\OT1/cmr/m/n/12 Django, ``The web frame-work for per-fec-tion-ists.'' [][]$\O
T1/cmtt/m/n/12 https : / / www .
 []


Underfull \hbox (badness 10000) in paragraph at lines 34--38
[]\OT1/cmr/m/n/12 F. J. De-Mers, ``7 tech-nol-ogy trends that will dom-i-nate 2
018.''
 []


Underfull \hbox (badness 10000) in paragraph at lines 34--38
[][]$\OT1/cmtt/m/n/12 https : / / www . forbes . com / sites / jaysondemers / 2
017 / 12 / 30 /
 []


Underfull \hbox (badness 10000) in paragraph at lines 34--38
\OT1/cmtt/m/n/12 7-[]technology-[]trends-[]that-[]will-[]dominate-[]2018 / #7e4
e30157d76$[][]\OT1/cmr/m/n/12 , 2017.
 []


Underfull \hbox (badness 10000) in paragraph at lines 46--50
\OT1/cmtt/m/n/12 3 / 7 / 17091766 / blockchain-[]bitcoin-[]ethereum-[]cryptocur
rency-[]meaning$[][]\OT1/cmr/m/n/12 ,
 []


Underfull \hbox (badness 10000) in paragraph at lines 52--57
[]\OT1/cmr/m/n/12 Z. D. Boren, ``There are of-fi-cially more mo-bile de-
 []


Underfull \hbox (badness 10000) in paragraph at lines 52--57
\OT1/cmr/m/n/12 vices than peo-ple in the world.'' [][]$\OT1/cmtt/m/n/12 https 
: / / www .
 []


Underfull \hbox (badness 10000) in paragraph at lines 52--57
\OT1/cmtt/m/n/12 independent . co . uk / life-[]style / gadgets-[]and-[]tech / 
news /
 []


Overfull \hbox (62.54242pt too wide) in paragraph at lines 52--57
\OT1/cmtt/m/n/12 there-[]are-[]officially-[]more-[]mobile-[]devices-[]than-[]pe
ople-[]in-[]the-[]world-[]9780518 .
 []


Underfull \hbox (badness 10000) in paragraph at lines 59--63
[]\OT1/cmr/m/n/12 A. Lar-son, ``How many web-sites are there?.'' [][]$\OT1/cmtt
/m/n/12 https : / /
 []


Underfull \hbox (badness 10000) in paragraph at lines 59--63
\OT1/cmtt/m/n/12 www . independent . co . uk / life-[]style / gadgets-[]and-[]t
ech / news /
 []


Overfull \hbox (62.54242pt too wide) in paragraph at lines 59--63
\OT1/cmtt/m/n/12 there-[]are-[]officially-[]more-[]mobile-[]devices-[]than-[]pe
ople-[]in-[]the-[]world-[]9780518 .
 []


Underfull \hbox (badness 10000) in paragraph at lines 70--74
[]\OT1/cmr/m/n/12 Upguard, ``Which web pro-gram-ming lan-guage is
 []


Underfull \hbox (badness 10000) in paragraph at lines 70--74
\OT1/cmr/m/n/12 the most se-cure?.'' [][]$\OT1/cmtt/m/n/12 https : / / www . up
guard . com / blog /
 []

[41

]
Underfull \hbox (badness 3471) in paragraph at lines 86--89
[]\OT1/cmr/m/n/12 JetBrains, ``Jet-brains - ruby.'' [][]$\OT1/cmtt/m/n/12 https
 : / / www . jetbrains . com / research /
 []


Underfull \hbox (badness 1565) in paragraph at lines 91--94
[]\OT1/cmr/m/n/12 Django, ``Doc-u-men-ta-tion - writ-ing and run-ning tests.'' 
[][]$\OT1/cmtt/m/n/12 https : / / docs .
 []


Underfull \hbox (badness 2293) in paragraph at lines 96--99
[]\OT1/cmr/m/n/12 C. T. Li-cense, ``Free html ad-min tem-plate - li-cense.'' []
[]$\OT1/cmtt/m/n/12 https : / / www .
 []


Underfull \hbox (badness 1881) in paragraph at lines 101--103
[]\OT1/cmr/m/n/12 Bootstrap, ``Boos-t-rap.'' [][]$\OT1/cmtt/m/n/12 https : / / 
getbootstrap . com/$[][]\OT1/cmr/m/n/12 , 2019.  Ac-cessed:
 []


Underfull \hbox (badness 1264) in paragraph at lines 130--133
[]\OT1/cmr/m/n/12 dwaiter, ``Django-bcrypt.'' [][]$\OT1/cmtt/m/n/12 https : / /
 github . com / dwaiter / django-[]bcrypt$[][]\OT1/cmr/m/n/12 ,
 []

[42]
Underfull \hbox (badness 10000) in paragraph at lines 160--163
[]\OT1/cmr/m/n/12 Ruddra, ``django-encrypt-file.'' [][]$\OT1/cmtt/m/n/12 https 
: / / github . com / ruddra /
 []


Underfull \hbox (badness 10000) in paragraph at lines 165--169
[]\OT1/cmr/m/n/12 M. []Angel Men-doza, ``Vul-ner-a-bil-i-ties reached a his-tor
ic peak
 []


Underfull \hbox (badness 10000) in paragraph at lines 165--169
\OT1/cmr/m/n/12 in 2017.'' [][]$\OT1/cmtt/m/n/12 https : / / www . welivesecuri
ty . com / 2018 / 02 / 05 /
 []


Underfull \hbox (badness 10000) in paragraph at lines 165--169
\OT1/cmtt/m/n/12 vulnerabilities-[]reached-[]historic-[]peak-[]2017/$[][]\OT1/c
mr/m/n/12 , 2018.  Ac-cessed:
 []

)
Package atveryend Info: Empty hook `BeforeClearDocument' on input line 153.
 [43]
Package atveryend Info: Empty hook `AfterLastShipout' on input line 153.
 (./main.aux)
Package atveryend Info: Executing hook `AtVeryEndDocument' on input line 153.
Package atveryend Info: Executing hook `AtEndAfterFileList' on input line 153.
Package rerunfilecheck Info: File `main.out' has not changed.
(rerunfilecheck)             Checksum: 0F2BA902AA3DE20E7F070335D2F78EBF;3296.
 ) 
Here is how much of TeX's memory you used:
 8728 strings out of 494091
 134716 string characters out of 6163523
 239681 words of memory out of 5000000
 11979 multiletter control sequences out of 15000+600000
 9974 words of font info for 35 fonts, out of 8000000 for 9000
 319 hyphenation exceptions out of 8191
 36i,14n,43p,1764b,558s stack positions out of 5000i,500n,10000p,200000b,80000s
</usr/local/texlive/2018basic/texmf-dist/fonts/type1/public/amsfonts/cm/cmbx1
2.pfb></usr/local/texlive/2018basic/texmf-dist/fonts/type1/public/amsfonts/cm/c
mr12.pfb></usr/local/texlive/2018basic/texmf-dist/fonts/type1/public/amsfonts/c
m/cmr17.pfb></usr/local/texlive/2018basic/texmf-dist/fonts/type1/public/amsfont
s/cm/cmsl12.pfb></usr/local/texlive/2018basic/texmf-dist/fonts/type1/public/ams
fonts/cm/cmti12.pfb></usr/local/texlive/2018basic/texmf-dist/fonts/type1/public
/amsfonts/cm/cmtt12.pfb>
Output written on main.pdf (51 pages, 2437087 bytes).
PDF statistics:
 917 PDF objects out of 1000 (max. 8388607)
 789 compressed objects within 8 object streams
 187 named destinations out of 1000 (max. 500000)
 602 words of extra memory for PDF output out of 10000 (max. 10000000)

